  [1m[36m (1.0ms)[0m  [1mCREATE TABLE "artists" ("id" INTEGER PRIMARY KEY AUTOINCREMENT NOT NULL, "name" varchar, "created_at" datetime NOT NULL, "updated_at" datetime NOT NULL) [0m
  [1m[35m (0.7ms)[0m  CREATE TABLE "songs" ("id" INTEGER PRIMARY KEY AUTOINCREMENT NOT NULL, "title" varchar, "created_at" datetime NOT NULL, "updated_at" datetime NOT NULL) 
  [1m[36m (1.0ms)[0m  [1mCREATE TABLE "schema_migrations" ("version" varchar NOT NULL) [0m
  [1m[35m (0.0ms)[0m  select sqlite_version(*)
  [1m[36m (0.9ms)[0m  [1mCREATE UNIQUE INDEX "unique_schema_migrations" ON "schema_migrations" ("version")[0m
  [1m[35m (0.1ms)[0m  SELECT version FROM "schema_migrations"
  [1m[36m (0.9ms)[0m  [1mINSERT INTO "schema_migrations" (version) VALUES ('20160108015408')[0m
  [1m[35m (0.9ms)[0m  INSERT INTO "schema_migrations" (version) VALUES ('20160108015311')
  [1m[36m (0.7ms)[0m  [1mCREATE TABLE "artists" ("id" INTEGER PRIMARY KEY AUTOINCREMENT NOT NULL, "name" varchar, "created_at" datetime NOT NULL, "updated_at" datetime NOT NULL) [0m
  [1m[35m (0.6ms)[0m  CREATE TABLE "songs" ("id" INTEGER PRIMARY KEY AUTOINCREMENT NOT NULL, "title" varchar, "created_at" datetime NOT NULL, "updated_at" datetime NOT NULL) 
  [1m[36m (0.6ms)[0m  [1mCREATE TABLE "schema_migrations" ("version" varchar NOT NULL) [0m
  [1m[35m (0.0ms)[0m  select sqlite_version(*)
  [1m[36m (0.6ms)[0m  [1mCREATE UNIQUE INDEX "unique_schema_migrations" ON "schema_migrations" ("version")[0m
  [1m[35m (0.1ms)[0m  SELECT version FROM "schema_migrations"
  [1m[36m (0.7ms)[0m  [1mINSERT INTO "schema_migrations" (version) VALUES ('20160108015408')[0m
  [1m[35m (1.1ms)[0m  INSERT INTO "schema_migrations" (version) VALUES ('20160108015311')
  [1m[36mActiveRecord::SchemaMigration Load (0.2ms)[0m  [1mSELECT "schema_migrations".* FROM "schema_migrations"[0m


Started GET "/" for ::1 at 2016-01-26 17:54:19 -0500
  [1m[36mActiveRecord::SchemaMigration Load (0.4ms)[0m  [1mSELECT "schema_migrations".* FROM "schema_migrations"[0m
Processing by Rails::WelcomeController#index as HTML
  Rendered /Users/scottcreynolds/.rvm/gems/ruby-2.1.2/gems/railties-4.2.5/lib/rails/templates/rails/welcome/index.html.erb (1.6ms)
Completed 200 OK in 12ms (Views: 11.9ms | ActiveRecord: 0.0ms)


Started GET "/songs" for ::1 at 2016-01-26 18:06:51 -0500
Processing by SongsController#index as HTML
Completed 500 Internal Server Error in 10ms (ActiveRecord: 0.0ms)

ActionView::MissingTemplate (Missing template songs/index, application/index with {:locale=>[:en], :formats=>[:html], :variants=>[], :handlers=>[:erb, :builder, :raw, :ruby, :jbuilder]}. Searched in:
  * "/Users/scottcreynolds/code/learn/refactoring-views-with-helpers-lab/app/views"
):
  actionview (4.2.5) lib/action_view/path_set.rb:46:in `find'
  actionview (4.2.5) lib/action_view/lookup_context.rb:121:in `find'
  actionview (4.2.5) lib/action_view/renderer/abstract_renderer.rb:18:in `find_template'
  actionview (4.2.5) lib/action_view/renderer/template_renderer.rb:40:in `determine_template'
  actionview (4.2.5) lib/action_view/renderer/template_renderer.rb:8:in `render'
  actionview (4.2.5) lib/action_view/renderer/renderer.rb:42:in `render_template'
  actionview (4.2.5) lib/action_view/renderer/renderer.rb:23:in `render'
  actionview (4.2.5) lib/action_view/rendering.rb:100:in `_render_template'
  actionpack (4.2.5) lib/action_controller/metal/streaming.rb:217:in `_render_template'
  actionview (4.2.5) lib/action_view/rendering.rb:83:in `render_to_body'
  actionpack (4.2.5) lib/action_controller/metal/rendering.rb:32:in `render_to_body'
  actionpack (4.2.5) lib/action_controller/metal/renderers.rb:37:in `render_to_body'
  actionpack (4.2.5) lib/abstract_controller/rendering.rb:25:in `render'
  actionpack (4.2.5) lib/action_controller/metal/rendering.rb:16:in `render'
  actionpack (4.2.5) lib/action_controller/metal/instrumentation.rb:44:in `block (2 levels) in render'
  activesupport (4.2.5) lib/active_support/core_ext/benchmark.rb:12:in `block in ms'
  /Users/scottcreynolds/.rvm/rubies/ruby-2.1.2/lib/ruby/2.1.0/benchmark.rb:294:in `realtime'
  activesupport (4.2.5) lib/active_support/core_ext/benchmark.rb:12:in `ms'
  actionpack (4.2.5) lib/action_controller/metal/instrumentation.rb:44:in `block in render'
  actionpack (4.2.5) lib/action_controller/metal/instrumentation.rb:87:in `cleanup_view_runtime'
  activerecord (4.2.5) lib/active_record/railties/controller_runtime.rb:25:in `cleanup_view_runtime'
  actionpack (4.2.5) lib/action_controller/metal/instrumentation.rb:43:in `render'
  actionpack (4.2.5) lib/action_controller/metal/implicit_render.rb:10:in `default_render'
  actionpack (4.2.5) lib/action_controller/metal/implicit_render.rb:5:in `send_action'
  actionpack (4.2.5) lib/abstract_controller/base.rb:198:in `process_action'
  actionpack (4.2.5) lib/action_controller/metal/rendering.rb:10:in `process_action'
  actionpack (4.2.5) lib/abstract_controller/callbacks.rb:20:in `block in process_action'
  activesupport (4.2.5) lib/active_support/callbacks.rb:117:in `call'
  activesupport (4.2.5) lib/active_support/callbacks.rb:117:in `call'
  activesupport (4.2.5) lib/active_support/callbacks.rb:555:in `block (2 levels) in compile'
  activesupport (4.2.5) lib/active_support/callbacks.rb:505:in `call'
  activesupport (4.2.5) lib/active_support/callbacks.rb:505:in `call'
  activesupport (4.2.5) lib/active_support/callbacks.rb:92:in `__run_callbacks__'
  activesupport (4.2.5) lib/active_support/callbacks.rb:778:in `_run_process_action_callbacks'
  activesupport (4.2.5) lib/active_support/callbacks.rb:81:in `run_callbacks'
  actionpack (4.2.5) lib/abstract_controller/callbacks.rb:19:in `process_action'
  actionpack (4.2.5) lib/action_controller/metal/rescue.rb:29:in `process_action'
  actionpack (4.2.5) lib/action_controller/metal/instrumentation.rb:32:in `block in process_action'
  activesupport (4.2.5) lib/active_support/notifications.rb:164:in `block in instrument'
  activesupport (4.2.5) lib/active_support/notifications/instrumenter.rb:20:in `instrument'
  activesupport (4.2.5) lib/active_support/notifications.rb:164:in `instrument'
  actionpack (4.2.5) lib/action_controller/metal/instrumentation.rb:30:in `process_action'
  actionpack (4.2.5) lib/action_controller/metal/params_wrapper.rb:250:in `process_action'
  activerecord (4.2.5) lib/active_record/railties/controller_runtime.rb:18:in `process_action'
  actionpack (4.2.5) lib/abstract_controller/base.rb:137:in `process'
  actionview (4.2.5) lib/action_view/rendering.rb:30:in `process'
  actionpack (4.2.5) lib/action_controller/metal.rb:196:in `dispatch'
  actionpack (4.2.5) lib/action_controller/metal/rack_delegation.rb:13:in `dispatch'
  actionpack (4.2.5) lib/action_controller/metal.rb:237:in `block in action'
  actionpack (4.2.5) lib/action_dispatch/routing/route_set.rb:76:in `call'
  actionpack (4.2.5) lib/action_dispatch/routing/route_set.rb:76:in `dispatch'
  actionpack (4.2.5) lib/action_dispatch/routing/route_set.rb:45:in `serve'
  actionpack (4.2.5) lib/action_dispatch/journey/router.rb:43:in `block in serve'
  actionpack (4.2.5) lib/action_dispatch/journey/router.rb:30:in `each'
  actionpack (4.2.5) lib/action_dispatch/journey/router.rb:30:in `serve'
  actionpack (4.2.5) lib/action_dispatch/routing/route_set.rb:817:in `call'
  rack (1.6.4) lib/rack/etag.rb:24:in `call'
  rack (1.6.4) lib/rack/conditionalget.rb:25:in `call'
  rack (1.6.4) lib/rack/head.rb:13:in `call'
  actionpack (4.2.5) lib/action_dispatch/middleware/params_parser.rb:27:in `call'
  actionpack (4.2.5) lib/action_dispatch/middleware/flash.rb:260:in `call'
  rack (1.6.4) lib/rack/session/abstract/id.rb:225:in `context'
  rack (1.6.4) lib/rack/session/abstract/id.rb:220:in `call'
  actionpack (4.2.5) lib/action_dispatch/middleware/cookies.rb:560:in `call'
  activerecord (4.2.5) lib/active_record/query_cache.rb:36:in `call'
  activerecord (4.2.5) lib/active_record/connection_adapters/abstract/connection_pool.rb:653:in `call'
  activerecord (4.2.5) lib/active_record/migration.rb:377:in `call'
  actionpack (4.2.5) lib/action_dispatch/middleware/callbacks.rb:29:in `block in call'
  activesupport (4.2.5) lib/active_support/callbacks.rb:88:in `__run_callbacks__'
  activesupport (4.2.5) lib/active_support/callbacks.rb:778:in `_run_call_callbacks'
  activesupport (4.2.5) lib/active_support/callbacks.rb:81:in `run_callbacks'
  actionpack (4.2.5) lib/action_dispatch/middleware/callbacks.rb:27:in `call'
  actionpack (4.2.5) lib/action_dispatch/middleware/reloader.rb:73:in `call'
  actionpack (4.2.5) lib/action_dispatch/middleware/remote_ip.rb:78:in `call'
  actionpack (4.2.5) lib/action_dispatch/middleware/debug_exceptions.rb:17:in `call'
  web-console (2.2.1) lib/web_console/middleware.rb:39:in `call'
  actionpack (4.2.5) lib/action_dispatch/middleware/show_exceptions.rb:30:in `call'
  railties (4.2.5) lib/rails/rack/logger.rb:38:in `call_app'
  railties (4.2.5) lib/rails/rack/logger.rb:20:in `block in call'
  activesupport (4.2.5) lib/active_support/tagged_logging.rb:68:in `block in tagged'
  activesupport (4.2.5) lib/active_support/tagged_logging.rb:26:in `tagged'
  activesupport (4.2.5) lib/active_support/tagged_logging.rb:68:in `tagged'
  railties (4.2.5) lib/rails/rack/logger.rb:20:in `call'
  actionpack (4.2.5) lib/action_dispatch/middleware/request_id.rb:21:in `call'
  rack (1.6.4) lib/rack/methodoverride.rb:22:in `call'
  rack (1.6.4) lib/rack/runtime.rb:18:in `call'
  activesupport (4.2.5) lib/active_support/cache/strategy/local_cache_middleware.rb:28:in `call'
  rack (1.6.4) lib/rack/lock.rb:17:in `call'
  actionpack (4.2.5) lib/action_dispatch/middleware/static.rb:116:in `call'
  rack (1.6.4) lib/rack/sendfile.rb:113:in `call'
  railties (4.2.5) lib/rails/engine.rb:518:in `call'
  railties (4.2.5) lib/rails/application.rb:165:in `call'
  rack (1.6.4) lib/rack/lock.rb:17:in `call'
  rack (1.6.4) lib/rack/content_length.rb:15:in `call'
  rack (1.6.4) lib/rack/handler/webrick.rb:88:in `service'
  /Users/scottcreynolds/.rvm/rubies/ruby-2.1.2/lib/ruby/2.1.0/webrick/httpserver.rb:138:in `service'
  /Users/scottcreynolds/.rvm/rubies/ruby-2.1.2/lib/ruby/2.1.0/webrick/httpserver.rb:94:in `run'
  /Users/scottcreynolds/.rvm/rubies/ruby-2.1.2/lib/ruby/2.1.0/webrick/server.rb:295:in `block in start_thread'


  Rendered /Users/scottcreynolds/.rvm/gems/ruby-2.1.2/gems/actionpack-4.2.5/lib/action_dispatch/middleware/templates/rescues/_source.erb (6.8ms)
  Rendered /Users/scottcreynolds/.rvm/gems/ruby-2.1.2/gems/actionpack-4.2.5/lib/action_dispatch/middleware/templates/rescues/_trace.html.erb (2.4ms)
  Rendered /Users/scottcreynolds/.rvm/gems/ruby-2.1.2/gems/actionpack-4.2.5/lib/action_dispatch/middleware/templates/rescues/_request_and_response.html.erb (7.8ms)
  Rendered /Users/scottcreynolds/.rvm/gems/ruby-2.1.2/gems/actionpack-4.2.5/lib/action_dispatch/middleware/templates/rescues/missing_template.html.erb within rescues/layout (30.4ms)
  Rendered /Users/scottcreynolds/.rvm/gems/ruby-2.1.2/gems/web-console-2.2.1/lib/web_console/templates/_markup.html.erb (0.4ms)
  Rendered /Users/scottcreynolds/.rvm/gems/ruby-2.1.2/gems/web-console-2.2.1/lib/web_console/templates/_inner_console_markup.html.erb within layouts/inlined_string (0.2ms)
  Rendered /Users/scottcreynolds/.rvm/gems/ruby-2.1.2/gems/web-console-2.2.1/lib/web_console/templates/_prompt_box_markup.html.erb within layouts/inlined_string (0.2ms)
  Rendered /Users/scottcreynolds/.rvm/gems/ruby-2.1.2/gems/web-console-2.2.1/lib/web_console/templates/style.css.erb within layouts/inlined_string (0.2ms)
  Rendered /Users/scottcreynolds/.rvm/gems/ruby-2.1.2/gems/web-console-2.2.1/lib/web_console/templates/console.js.erb within layouts/javascript (14.5ms)
  Rendered /Users/scottcreynolds/.rvm/gems/ruby-2.1.2/gems/web-console-2.2.1/lib/web_console/templates/main.js.erb within layouts/javascript (0.2ms)
  Rendered /Users/scottcreynolds/.rvm/gems/ruby-2.1.2/gems/web-console-2.2.1/lib/web_console/templates/error_page.js.erb within layouts/javascript (0.6ms)
  Rendered /Users/scottcreynolds/.rvm/gems/ruby-2.1.2/gems/web-console-2.2.1/lib/web_console/templates/index.html.erb (37.7ms)


Started GET "/songs" for ::1 at 2016-01-26 19:18:17 -0500
  [1m[35mActiveRecord::SchemaMigration Load (0.4ms)[0m  SELECT "schema_migrations".* FROM "schema_migrations"

ActiveRecord::PendingMigrationError (

Migrations are pending. To resolve this issue, run:

	bin/rake db:migrate RAILS_ENV=development

):
  activerecord (4.2.5) lib/active_record/migration.rb:392:in `check_pending!'
  activerecord (4.2.5) lib/active_record/migration.rb:373:in `call'
  actionpack (4.2.5) lib/action_dispatch/middleware/callbacks.rb:29:in `block in call'
  activesupport (4.2.5) lib/active_support/callbacks.rb:88:in `__run_callbacks__'
  activesupport (4.2.5) lib/active_support/callbacks.rb:778:in `_run_call_callbacks'
  activesupport (4.2.5) lib/active_support/callbacks.rb:81:in `run_callbacks'
  actionpack (4.2.5) lib/action_dispatch/middleware/callbacks.rb:27:in `call'
  actionpack (4.2.5) lib/action_dispatch/middleware/reloader.rb:73:in `call'
  actionpack (4.2.5) lib/action_dispatch/middleware/remote_ip.rb:78:in `call'
  actionpack (4.2.5) lib/action_dispatch/middleware/debug_exceptions.rb:17:in `call'
  web-console (2.2.1) lib/web_console/middleware.rb:39:in `call'
  actionpack (4.2.5) lib/action_dispatch/middleware/show_exceptions.rb:30:in `call'
  railties (4.2.5) lib/rails/rack/logger.rb:38:in `call_app'
  railties (4.2.5) lib/rails/rack/logger.rb:20:in `block in call'
  activesupport (4.2.5) lib/active_support/tagged_logging.rb:68:in `block in tagged'
  activesupport (4.2.5) lib/active_support/tagged_logging.rb:26:in `tagged'
  activesupport (4.2.5) lib/active_support/tagged_logging.rb:68:in `tagged'
  railties (4.2.5) lib/rails/rack/logger.rb:20:in `call'
  actionpack (4.2.5) lib/action_dispatch/middleware/request_id.rb:21:in `call'
  rack (1.6.4) lib/rack/methodoverride.rb:22:in `call'
  rack (1.6.4) lib/rack/runtime.rb:18:in `call'
  activesupport (4.2.5) lib/active_support/cache/strategy/local_cache_middleware.rb:28:in `call'
  rack (1.6.4) lib/rack/lock.rb:17:in `call'
  actionpack (4.2.5) lib/action_dispatch/middleware/static.rb:116:in `call'
  rack (1.6.4) lib/rack/sendfile.rb:113:in `call'
  railties (4.2.5) lib/rails/engine.rb:518:in `call'
  railties (4.2.5) lib/rails/application.rb:165:in `call'
  rack (1.6.4) lib/rack/lock.rb:17:in `call'
  rack (1.6.4) lib/rack/content_length.rb:15:in `call'
  rack (1.6.4) lib/rack/handler/webrick.rb:88:in `service'
  /Users/scottcreynolds/.rvm/rubies/ruby-2.1.2/lib/ruby/2.1.0/webrick/httpserver.rb:138:in `service'
  /Users/scottcreynolds/.rvm/rubies/ruby-2.1.2/lib/ruby/2.1.0/webrick/httpserver.rb:94:in `run'
  /Users/scottcreynolds/.rvm/rubies/ruby-2.1.2/lib/ruby/2.1.0/webrick/server.rb:295:in `block in start_thread'


  Rendered /Users/scottcreynolds/.rvm/gems/ruby-2.1.2/gems/actionpack-4.2.5/lib/action_dispatch/middleware/templates/rescues/_source.erb (2.5ms)
  Rendered /Users/scottcreynolds/.rvm/gems/ruby-2.1.2/gems/actionpack-4.2.5/lib/action_dispatch/middleware/templates/rescues/_trace.html.erb (1.7ms)
  Rendered /Users/scottcreynolds/.rvm/gems/ruby-2.1.2/gems/actionpack-4.2.5/lib/action_dispatch/middleware/templates/rescues/_request_and_response.html.erb (1.0ms)
  Rendered /Users/scottcreynolds/.rvm/gems/ruby-2.1.2/gems/actionpack-4.2.5/lib/action_dispatch/middleware/templates/rescues/diagnostics.html.erb within rescues/layout (18.4ms)
  Rendered /Users/scottcreynolds/.rvm/gems/ruby-2.1.2/gems/web-console-2.2.1/lib/web_console/templates/_markup.html.erb (1.2ms)
  Rendered /Users/scottcreynolds/.rvm/gems/ruby-2.1.2/gems/web-console-2.2.1/lib/web_console/templates/_inner_console_markup.html.erb within layouts/inlined_string (4.7ms)
  Rendered /Users/scottcreynolds/.rvm/gems/ruby-2.1.2/gems/web-console-2.2.1/lib/web_console/templates/_prompt_box_markup.html.erb within layouts/inlined_string (0.4ms)
  Rendered /Users/scottcreynolds/.rvm/gems/ruby-2.1.2/gems/web-console-2.2.1/lib/web_console/templates/style.css.erb within layouts/inlined_string (0.3ms)
  Rendered /Users/scottcreynolds/.rvm/gems/ruby-2.1.2/gems/web-console-2.2.1/lib/web_console/templates/console.js.erb within layouts/javascript (21.8ms)
  Rendered /Users/scottcreynolds/.rvm/gems/ruby-2.1.2/gems/web-console-2.2.1/lib/web_console/templates/main.js.erb within layouts/javascript (0.2ms)
  Rendered /Users/scottcreynolds/.rvm/gems/ruby-2.1.2/gems/web-console-2.2.1/lib/web_console/templates/error_page.js.erb within layouts/javascript (0.6ms)
  Rendered /Users/scottcreynolds/.rvm/gems/ruby-2.1.2/gems/web-console-2.2.1/lib/web_console/templates/index.html.erb (48.7ms)
  [1m[36mActiveRecord::SchemaMigration Load (0.4ms)[0m  [1mSELECT "schema_migrations".* FROM "schema_migrations"[0m
Migrating to AddArtistToSong (20160126235547)
  [1m[35m (0.1ms)[0m  begin transaction
  [1m[36m (0.9ms)[0m  [1mALTER TABLE "songs" ADD "artist_id" integer[0m
  [1m[35m (0.1ms)[0m  select sqlite_version(*)
  [1m[36m (0.5ms)[0m  [1mCREATE  INDEX "index_songs_on_artist_id" ON "songs" ("artist_id")[0m
  [1m[35mSQL (0.5ms)[0m  INSERT INTO "schema_migrations" ("version") VALUES (?)  [["version", "20160126235547"]]
  [1m[36m (0.7ms)[0m  [1mcommit transaction[0m
  [1m[35mActiveRecord::SchemaMigration Load (0.1ms)[0m  SELECT "schema_migrations".* FROM "schema_migrations"
  [1m[36m (0.1ms)[0m  [1m            SELECT sql
            FROM sqlite_master
            WHERE name='index_songs_on_artist_id' AND type='index'
            UNION ALL
            SELECT sql
            FROM sqlite_temp_master
            WHERE name='index_songs_on_artist_id' AND type='index'
[0m


Started GET "/songs" for ::1 at 2016-01-26 19:18:46 -0500
  [1m[36mActiveRecord::SchemaMigration Load (0.1ms)[0m  [1mSELECT "schema_migrations".* FROM "schema_migrations"[0m
Processing by SongsController#index as HTML
  [1m[35mSong Load (0.1ms)[0m  SELECT "songs".* FROM "songs"
  Rendered songs/index.html.erb within layouts/application (1.4ms)
Completed 200 OK in 176ms (Views: 170.0ms | ActiveRecord: 0.2ms)


Started GET "/assets/application.self-e80e8f2318043e8af94dddc2adad5a4f09739a8ebb323b3ab31cd71d45fd9113.css?body=1" for ::1 at 2016-01-26 19:18:47 -0500


Started GET "/songs" for ::1 at 2016-01-26 19:19:59 -0500
Processing by SongsController#index as HTML
  [1m[36mSong Load (0.1ms)[0m  [1mSELECT "songs".* FROM "songs"[0m
  Rendered songs/index.html.erb within layouts/application (1.0ms)
Completed 200 OK in 6ms (Views: 5.2ms | ActiveRecord: 0.1ms)


Started GET "/assets/application.self-e80e8f2318043e8af94dddc2adad5a4f09739a8ebb323b3ab31cd71d45fd9113.css?body=1" for ::1 at 2016-01-26 19:20:00 -0500


Started GET "/songs/new" for ::1 at 2016-01-26 19:20:01 -0500
Processing by SongsController#new as HTML
  Rendered songs/new.html.erb within layouts/application (35.6ms)
Completed 200 OK in 44ms (Views: 40.7ms | ActiveRecord: 0.2ms)


Started POST "/songs" for ::1 at 2016-01-26 19:20:14 -0500
Processing by SongsController#create as HTML
  Parameters: {"utf8"=>"✓", "authenticity_token"=>"l/FViU6hxGTuJg84vHyXiFNor6KOK068ki0E36OgdxwWtMJ9U92CZpkgmbAOXadHFtEzG8jaWKcJtJDxZEW+XA==", "song"=>{"title"=>"Song 2", "artist_name"=>"Blur"}, "commit"=>"Create Song"}
  [1m[35mArtist Load (0.5ms)[0m  SELECT  "artists".* FROM "artists" WHERE "artists"."name" = ? LIMIT 1  [["name", "Blur"]]
  [1m[36m (0.2ms)[0m  [1mbegin transaction[0m
  [1m[35mSQL (0.7ms)[0m  INSERT INTO "artists" ("name", "created_at", "updated_at") VALUES (?, ?, ?)  [["name", "Blur"], ["created_at", "2016-01-27 00:20:14.513159"], ["updated_at", "2016-01-27 00:20:14.513159"]]
  [1m[36m (0.5ms)[0m  [1mcommit transaction[0m
  [1m[35m (0.0ms)[0m  begin transaction
  [1m[36mSQL (0.2ms)[0m  [1mINSERT INTO "songs" ("title", "artist_id", "created_at", "updated_at") VALUES (?, ?, ?, ?)[0m  [["title", "Song 2"], ["artist_id", 1], ["created_at", "2016-01-27 00:20:14.516774"], ["updated_at", "2016-01-27 00:20:14.516774"]]
  [1m[35m (0.6ms)[0m  commit transaction
Redirected to http://localhost:3000/songs/1
Completed 302 Found in 18ms (ActiveRecord: 3.0ms)


Started GET "/songs/1" for ::1 at 2016-01-26 19:20:14 -0500
Processing by SongsController#show as HTML
  Parameters: {"id"=>"1"}
  [1m[36mSong Load (0.3ms)[0m  [1mSELECT  "songs".* FROM "songs" WHERE "songs"."id" = ? LIMIT 1[0m  [["id", 1]]
  Rendered songs/show.html.erb within layouts/application (7.7ms)
Completed 500 Internal Server Error in 13ms (ActiveRecord: 0.3ms)

ActionView::Template::Error (undefined method `artist' for #<#<Class:0x007fa014568c20>:0x007fa01ab69948>):
    1: <span><%= @song.title %></span>
    2: <span><%= artist @song %></span>
    3: <br>
    4: <%= link_to "All Songs", songs_path %>
  app/views/songs/show.html.erb:2:in `_app_views_songs_show_html_erb___3652063257568161219_70162809832320'


  Rendered /Users/scottcreynolds/.rvm/gems/ruby-2.1.2/gems/actionpack-4.2.5/lib/action_dispatch/middleware/templates/rescues/_source.erb (5.5ms)
  Rendered /Users/scottcreynolds/.rvm/gems/ruby-2.1.2/gems/actionpack-4.2.5/lib/action_dispatch/middleware/templates/rescues/_trace.html.erb (2.0ms)
  Rendered /Users/scottcreynolds/.rvm/gems/ruby-2.1.2/gems/actionpack-4.2.5/lib/action_dispatch/middleware/templates/rescues/_request_and_response.html.erb (1.0ms)
  Rendered /Users/scottcreynolds/.rvm/gems/ruby-2.1.2/gems/actionpack-4.2.5/lib/action_dispatch/middleware/templates/rescues/template_error.html.erb within rescues/layout (18.7ms)
  Rendered /Users/scottcreynolds/.rvm/gems/ruby-2.1.2/gems/web-console-2.2.1/lib/web_console/templates/_markup.html.erb (0.2ms)
  Rendered /Users/scottcreynolds/.rvm/gems/ruby-2.1.2/gems/web-console-2.2.1/lib/web_console/templates/_inner_console_markup.html.erb within layouts/inlined_string (0.5ms)
  Rendered /Users/scottcreynolds/.rvm/gems/ruby-2.1.2/gems/web-console-2.2.1/lib/web_console/templates/_prompt_box_markup.html.erb within layouts/inlined_string (0.3ms)
  Rendered /Users/scottcreynolds/.rvm/gems/ruby-2.1.2/gems/web-console-2.2.1/lib/web_console/templates/style.css.erb within layouts/inlined_string (0.4ms)
  Rendered /Users/scottcreynolds/.rvm/gems/ruby-2.1.2/gems/web-console-2.2.1/lib/web_console/templates/console.js.erb within layouts/javascript (15.1ms)
  Rendered /Users/scottcreynolds/.rvm/gems/ruby-2.1.2/gems/web-console-2.2.1/lib/web_console/templates/main.js.erb within layouts/javascript (0.3ms)
  Rendered /Users/scottcreynolds/.rvm/gems/ruby-2.1.2/gems/web-console-2.2.1/lib/web_console/templates/error_page.js.erb within layouts/javascript (0.3ms)
  Rendered /Users/scottcreynolds/.rvm/gems/ruby-2.1.2/gems/web-console-2.2.1/lib/web_console/templates/index.html.erb (28.7ms)


Started GET "/songs/new" for ::1 at 2016-01-26 19:20:53 -0500
Processing by SongsController#new as HTML
  Rendered songs/new.html.erb within layouts/application (1.9ms)
Completed 200 OK in 6ms (Views: 5.4ms | ActiveRecord: 0.0ms)


Started GET "/assets/application.self-e80e8f2318043e8af94dddc2adad5a4f09739a8ebb323b3ab31cd71d45fd9113.css?body=1" for ::1 at 2016-01-26 19:20:53 -0500


Started GET "/songs" for ::1 at 2016-01-26 19:22:42 -0500

ActionController::RoutingError (Couldn't find SongsHelper, expected it to be defined in helpers/songs_helper.rb):
  app/controllers/application_controller.rb:1:in `<top (required)>'
  app/controllers/songs_controller.rb:1:in `<top (required)>'


  Rendered /Users/scottcreynolds/.rvm/gems/ruby-2.1.2/gems/actionpack-4.2.5/lib/action_dispatch/middleware/templates/rescues/_trace.html.erb (2.0ms)
  Rendered /Users/scottcreynolds/.rvm/gems/ruby-2.1.2/gems/actionpack-4.2.5/lib/action_dispatch/middleware/templates/routes/_route.html.erb (2.3ms)
  Rendered /Users/scottcreynolds/.rvm/gems/ruby-2.1.2/gems/actionpack-4.2.5/lib/action_dispatch/middleware/templates/routes/_table.html.erb (2.9ms)
  Rendered /Users/scottcreynolds/.rvm/gems/ruby-2.1.2/gems/actionpack-4.2.5/lib/action_dispatch/middleware/templates/rescues/_request_and_response.html.erb (1.5ms)
  Rendered /Users/scottcreynolds/.rvm/gems/ruby-2.1.2/gems/actionpack-4.2.5/lib/action_dispatch/middleware/templates/rescues/routing_error.html.erb within rescues/layout (34.6ms)
  Rendered /Users/scottcreynolds/.rvm/gems/ruby-2.1.2/gems/web-console-2.2.1/lib/web_console/templates/_markup.html.erb (0.3ms)
  Rendered /Users/scottcreynolds/.rvm/gems/ruby-2.1.2/gems/web-console-2.2.1/lib/web_console/templates/_inner_console_markup.html.erb within layouts/inlined_string (0.3ms)
  Rendered /Users/scottcreynolds/.rvm/gems/ruby-2.1.2/gems/web-console-2.2.1/lib/web_console/templates/_prompt_box_markup.html.erb within layouts/inlined_string (0.2ms)
  Rendered /Users/scottcreynolds/.rvm/gems/ruby-2.1.2/gems/web-console-2.2.1/lib/web_console/templates/style.css.erb within layouts/inlined_string (0.2ms)
  Rendered /Users/scottcreynolds/.rvm/gems/ruby-2.1.2/gems/web-console-2.2.1/lib/web_console/templates/console.js.erb within layouts/javascript (11.6ms)
  Rendered /Users/scottcreynolds/.rvm/gems/ruby-2.1.2/gems/web-console-2.2.1/lib/web_console/templates/main.js.erb within layouts/javascript (0.2ms)
  Rendered /Users/scottcreynolds/.rvm/gems/ruby-2.1.2/gems/web-console-2.2.1/lib/web_console/templates/error_page.js.erb within layouts/javascript (0.4ms)
  Rendered /Users/scottcreynolds/.rvm/gems/ruby-2.1.2/gems/web-console-2.2.1/lib/web_console/templates/index.html.erb (25.4ms)


Started GET "/songs" for ::1 at 2016-01-26 19:23:19 -0500
Processing by SongsController#index as HTML
  [1m[35mSong Load (0.3ms)[0m  SELECT "songs".* FROM "songs"
  Rendered songs/index.html.erb within layouts/application (3.8ms)
Completed 200 OK in 12ms (Views: 8.9ms | ActiveRecord: 0.5ms)


Started GET "/assets/application.self-e80e8f2318043e8af94dddc2adad5a4f09739a8ebb323b3ab31cd71d45fd9113.css?body=1" for ::1 at 2016-01-26 19:23:19 -0500


Started GET "/songs/new" for ::1 at 2016-01-26 23:06:19 -0500
Processing by SongsController#new as HTML
  Rendered songs/new.html.erb within layouts/application (12.2ms)
Completed 200 OK in 38ms (Views: 26.1ms | ActiveRecord: 0.6ms)


Started POST "/songs" for ::1 at 2016-01-26 23:06:26 -0500
Processing by SongsController#create as HTML
  Parameters: {"utf8"=>"✓", "authenticity_token"=>"LuRfmjqjkH9BSz1idWMHDcp+kS6eGGPhTTKpxWK/5s+vochuJ9/WfTZNq+rHQjfCj8cNl9jpdfrWqz3rpVovjw==", "song"=>{"title"=>"Flood", "artist_name"=>"They Might Be Giants"}, "commit"=>"Create Song"}
  [1m[36mArtist Load (0.1ms)[0m  [1mSELECT  "artists".* FROM "artists" WHERE "artists"."name" = ? LIMIT 1[0m  [["name", "They Might Be Giants"]]
  [1m[35m (0.1ms)[0m  begin transaction
  [1m[36mSQL (0.4ms)[0m  [1mINSERT INTO "artists" ("name", "created_at", "updated_at") VALUES (?, ?, ?)[0m  [["name", "They Might Be Giants"], ["created_at", "2016-01-27 04:06:26.282701"], ["updated_at", "2016-01-27 04:06:26.282701"]]
  [1m[35m (0.7ms)[0m  commit transaction
  [1m[36m (0.0ms)[0m  [1mbegin transaction[0m
  [1m[35mSQL (0.3ms)[0m  INSERT INTO "songs" ("title", "artist_id", "created_at", "updated_at") VALUES (?, ?, ?, ?)  [["title", "Flood"], ["artist_id", 2], ["created_at", "2016-01-27 04:06:26.286464"], ["updated_at", "2016-01-27 04:06:26.286464"]]
  [1m[36m (0.7ms)[0m  [1mcommit transaction[0m
Redirected to http://localhost:3000/songs/2
Completed 302 Found in 14ms (ActiveRecord: 2.6ms)


Started GET "/songs/2" for ::1 at 2016-01-26 23:06:26 -0500
Processing by SongsController#show as HTML
  Parameters: {"id"=>"2"}
  [1m[35mSong Load (0.2ms)[0m  SELECT  "songs".* FROM "songs" WHERE "songs"."id" = ? LIMIT 1  [["id", 2]]
  [1m[36mArtist Load (0.2ms)[0m  [1mSELECT  "artists".* FROM "artists" WHERE "artists"."id" = ? LIMIT 1[0m  [["id", 2]]
  Rendered songs/show.html.erb within layouts/application (8.2ms)
Completed 200 OK in 15ms (Views: 13.2ms | ActiveRecord: 0.3ms)


Started GET "/songs" for ::1 at 2016-01-26 23:06:29 -0500
Processing by SongsController#index as HTML
  [1m[35mSong Load (0.1ms)[0m  SELECT "songs".* FROM "songs"
  [1m[36mArtist Load (0.1ms)[0m  [1mSELECT  "artists".* FROM "artists" WHERE "artists"."id" = ? LIMIT 1[0m  [["id", 1]]
  [1m[35mArtist Load (0.1ms)[0m  SELECT  "artists".* FROM "artists" WHERE "artists"."id" = ? LIMIT 1  [["id", 2]]
  Rendered songs/index.html.erb within layouts/application (2.9ms)
Completed 200 OK in 9ms (Views: 8.7ms | ActiveRecord: 0.2ms)


Started GET "/artists/2" for ::1 at 2016-01-26 23:06:32 -0500
Processing by ArtistsController#show as HTML
  Parameters: {"id"=>"2"}
  Rendered artists/show.html.erb within layouts/application (0.4ms)
Completed 200 OK in 7ms (Views: 7.0ms | ActiveRecord: 0.0ms)
Started GET "/" for 127.0.0.1 at 2020-06-02 08:21:57 -0400
  [1m[36mActiveRecord::SchemaMigration Load (0.3ms)[0m  [1m[34mSELECT "schema_migrations".* FROM "schema_migrations"[0m
Processing by Rails::WelcomeController#index as HTML
  Parameters: {"internal"=>true}
  Rendering /home/benwix/.rvm/gems/ruby-2.6.1/gems/railties-5.0.7.1/lib/rails/templates/rails/welcome/index.html.erb
  Rendered /home/benwix/.rvm/gems/ruby-2.6.1/gems/railties-5.0.7.1/lib/rails/templates/rails/welcome/index.html.erb (3.9ms)
Completed 200 OK in 37ms (Views: 8.1ms | ActiveRecord: 0.0ms)


Started GET "/songs" for 127.0.0.1 at 2020-06-02 08:22:01 -0400
Processing by SongsController#index as HTML
  Rendering songs/index.html.erb within layouts/application
  [1m[36mSong Load (0.4ms)[0m  [1m[34mSELECT "songs".* FROM "songs"[0m
  [1m[36mArtist Load (0.6ms)[0m  [1m[34mSELECT  "artists".* FROM "artists" WHERE "artists"."id" = ? LIMIT ?[0m  [["id", 1], ["LIMIT", 1]]
  [1m[36mArtist Load (0.3ms)[0m  [1m[34mSELECT  "artists".* FROM "artists" WHERE "artists"."id" = ? LIMIT ?[0m  [["id", 2], ["LIMIT", 1]]
  Rendered songs/index.html.erb within layouts/application (34.4ms)
Completed 200 OK in 235ms (Views: 225.8ms | ActiveRecord: 4.5ms)


Started GET "/songs/new" for 127.0.0.1 at 2020-06-02 08:22:06 -0400
Processing by SongsController#new as HTML
  Rendering songs/new.html.erb within layouts/application
  Rendered songs/new.html.erb within layouts/application (235.9ms)
Completed 200 OK in 295ms (Views: 250.1ms | ActiveRecord: 0.0ms)


Started POST "/songs" for 127.0.0.1 at 2020-06-02 08:22:10 -0400
Processing by SongsController#create as HTML
  Parameters: {"utf8"=>"✓", "authenticity_token"=>"5zzJekjeZXlshGMYvDFQ9ds9xFo1BwDodnFHywQMjlTU+6jpPU1z1qC5pYT096Q6ZwintyLbMrSJIIv7qVeONQ==", "song"=>{"title"=>"Blackbird", "artist_name"=>"Add Artist"}, "commit"=>"Create Song"}
  [1m[36mArtist Load (0.4ms)[0m  [1m[34mSELECT  "artists".* FROM "artists" WHERE "artists"."name" = ? LIMIT ?[0m  [["name", "Add Artist"], ["LIMIT", 1]]
  [1m[35m (0.1ms)[0m  [1m[36mbegin transaction[0m
  [1m[35mSQL (1.4ms)[0m  [1m[32mINSERT INTO "artists" ("name", "created_at", "updated_at") VALUES (?, ?, ?)[0m  [["name", "Add Artist"], ["created_at", "2020-06-02 12:22:10.482984"], ["updated_at", "2020-06-02 12:22:10.482984"]]
  [1m[35m (11.9ms)[0m  [1m[36mcommit transaction[0m
  [1m[35m (0.1ms)[0m  [1m[36mbegin transaction[0m
  [1m[35mSQL (1.3ms)[0m  [1m[32mINSERT INTO "songs" ("title", "created_at", "updated_at", "artist_id") VALUES (?, ?, ?, ?)[0m  [["title", "Blackbird"], ["created_at", "2020-06-02 12:22:10.498337"], ["updated_at", "2020-06-02 12:22:10.498337"], ["artist_id", 3]]
  [1m[35m (14.3ms)[0m  [1m[36mcommit transaction[0m
Redirected to http://localhost:3000/songs/3
Completed 302 Found in 36ms (ActiveRecord: 29.5ms)


Started GET "/songs/3" for 127.0.0.1 at 2020-06-02 08:22:10 -0400
Processing by SongsController#show as HTML
  Parameters: {"id"=>"3"}
  [1m[36mSong Load (0.5ms)[0m  [1m[34mSELECT  "songs".* FROM "songs" WHERE "songs"."id" = ? LIMIT ?[0m  [["id", 3], ["LIMIT", 1]]
  Rendering songs/show.html.erb within layouts/application
  [1m[36mArtist Load (0.7ms)[0m  [1m[34mSELECT  "artists".* FROM "artists" WHERE "artists"."id" = ? LIMIT ?[0m  [["id", 3], ["LIMIT", 1]]
  Rendered songs/show.html.erb within layouts/application (4.0ms)
Completed 200 OK in 30ms (Views: 25.8ms | ActiveRecord: 1.2ms)


Started GET "/artists/3" for 127.0.0.1 at 2020-06-02 08:22:12 -0400
Processing by ArtistsController#show as HTML
  Parameters: {"id"=>"3"}
  Rendering artists/show.html.erb within layouts/application
  Rendered artists/show.html.erb within layouts/application (0.2ms)
Completed 200 OK in 12ms (Views: 8.8ms | ActiveRecord: 0.0ms)


Started GET "/songs/3" for 127.0.0.1 at 2020-06-02 08:22:36 -0400
Processing by SongsController#show as HTML
  Parameters: {"id"=>"3"}
  [1m[36mSong Load (0.2ms)[0m  [1m[34mSELECT  "songs".* FROM "songs" WHERE "songs"."id" = ? LIMIT ?[0m  [["id", 3], ["LIMIT", 1]]
  Rendering songs/show.html.erb within layouts/application
  [1m[36mArtist Load (0.2ms)[0m  [1m[34mSELECT  "artists".* FROM "artists" WHERE "artists"."id" = ? LIMIT ?[0m  [["id", 3], ["LIMIT", 1]]
  Rendered songs/show.html.erb within layouts/application (1.8ms)
Completed 200 OK in 11ms (Views: 9.0ms | ActiveRecord: 0.4ms)


Started GET "/songs/3" for 127.0.0.1 at 2020-06-02 08:22:38 -0400
Processing by SongsController#show as HTML
  Parameters: {"id"=>"3"}
  [1m[36mSong Load (0.2ms)[0m  [1m[34mSELECT  "songs".* FROM "songs" WHERE "songs"."id" = ? LIMIT ?[0m  [["id", 3], ["LIMIT", 1]]
  Rendering songs/show.html.erb within layouts/application
  [1m[36mArtist Load (0.2ms)[0m  [1m[34mSELECT  "artists".* FROM "artists" WHERE "artists"."id" = ? LIMIT ?[0m  [["id", 3], ["LIMIT", 1]]
  Rendered songs/show.html.erb within layouts/application (1.4ms)
Completed 200 OK in 13ms (Views: 10.8ms | ActiveRecord: 0.4ms)


Started GET "/songs/new" for 127.0.0.1 at 2020-06-02 08:23:23 -0400
Processing by SongsController#new as HTML
  Rendering songs/new.html.erb within layouts/application
  Rendered songs/new.html.erb within layouts/application (4.4ms)
Completed 200 OK in 24ms (Views: 21.6ms | ActiveRecord: 0.0ms)


Started GET "/songs/new" for 127.0.0.1 at 2020-06-02 08:24:17 -0400
Processing by SongsController#new as HTML
  Rendering songs/new.html.erb within layouts/application
  Rendered songs/new.html.erb within layouts/application (18.5ms)
Completed 200 OK in 65ms (Views: 35.4ms | ActiveRecord: 1.8ms)


Started POST "/songs" for 127.0.0.1 at 2020-06-02 08:24:36 -0400
Processing by SongsController#create as HTML
  Parameters: {"utf8"=>"✓", "authenticity_token"=>"qrhDIF1fXCV95LewlcFNKSrV/0lgAVXnjhKr30Jw/qqZfyKzKMxKirHZcSzdB7nmluCcpHfdZ7txQ2fv7yv+yw==", "song"=>{"title"=>"Compass", "artist_name"=>""}, "commit"=>"Create Song"}
  [1m[36mArtist Load (0.3ms)[0m  [1m[34mSELECT  "artists".* FROM "artists" WHERE "artists"."name" = ? LIMIT ?[0m  [["name", ""], ["LIMIT", 1]]
  [1m[35m (0.0ms)[0m  [1m[36mbegin transaction[0m
  [1m[35mSQL (1.5ms)[0m  [1m[32mINSERT INTO "artists" ("name", "created_at", "updated_at") VALUES (?, ?, ?)[0m  [["name", ""], ["created_at", "2020-06-02 12:24:36.059181"], ["updated_at", "2020-06-02 12:24:36.059181"]]
  [1m[35m (11.7ms)[0m  [1m[36mcommit transaction[0m
  [1m[35m (1.3ms)[0m  [1m[36mbegin transaction[0m
  [1m[35mSQL (1.4ms)[0m  [1m[32mINSERT INTO "songs" ("title", "created_at", "updated_at", "artist_id") VALUES (?, ?, ?, ?)[0m  [["title", "Compass"], ["created_at", "2020-06-02 12:24:36.075744"], ["updated_at", "2020-06-02 12:24:36.075744"], ["artist_id", 4]]
  [1m[35m (14.5ms)[0m  [1m[36mcommit transaction[0m
Redirected to http://localhost:3000/songs/4
Completed 302 Found in 58ms (ActiveRecord: 32.0ms)


Started GET "/songs/4" for 127.0.0.1 at 2020-06-02 08:24:36 -0400
Processing by SongsController#show as HTML
  Parameters: {"id"=>"4"}
  [1m[36mSong Load (0.4ms)[0m  [1m[34mSELECT  "songs".* FROM "songs" WHERE "songs"."id" = ? LIMIT ?[0m  [["id", 4], ["LIMIT", 1]]
  Rendering songs/show.html.erb within layouts/application
  [1m[36mArtist Load (0.3ms)[0m  [1m[34mSELECT  "artists".* FROM "artists" WHERE "artists"."id" = ? LIMIT ?[0m  [["id", 4], ["LIMIT", 1]]
  Rendered songs/show.html.erb within layouts/application (2.4ms)
Completed 200 OK in 13ms (Views: 10.2ms | ActiveRecord: 0.6ms)


Started GET "/songs" for 127.0.0.1 at 2020-06-02 08:24:40 -0400
Processing by SongsController#index as HTML
  Rendering songs/index.html.erb within layouts/application
  [1m[36mSong Load (0.3ms)[0m  [1m[34mSELECT "songs".* FROM "songs"[0m
  [1m[36mArtist Load (0.2ms)[0m  [1m[34mSELECT  "artists".* FROM "artists" WHERE "artists"."id" = ? LIMIT ?[0m  [["id", 1], ["LIMIT", 1]]
  [1m[36mArtist Load (0.1ms)[0m  [1m[34mSELECT  "artists".* FROM "artists" WHERE "artists"."id" = ? LIMIT ?[0m  [["id", 2], ["LIMIT", 1]]
  [1m[36mArtist Load (0.2ms)[0m  [1m[34mSELECT  "artists".* FROM "artists" WHERE "artists"."id" = ? LIMIT ?[0m  [["id", 3], ["LIMIT", 1]]
  [1m[36mArtist Load (0.2ms)[0m  [1m[34mSELECT  "artists".* FROM "artists" WHERE "artists"."id" = ? LIMIT ?[0m  [["id", 4], ["LIMIT", 1]]
  Rendered songs/index.html.erb within layouts/application (4.5ms)
Completed 200 OK in 15ms (Views: 12.2ms | ActiveRecord: 0.9ms)


Started GET "/songs" for 127.0.0.1 at 2020-06-02 08:26:21 -0400
Processing by SongsController#index as HTML
  Rendering songs/index.html.erb within layouts/application
  [1m[36mSong Load (0.3ms)[0m  [1m[34mSELECT "songs".* FROM "songs"[0m
  [1m[36mArtist Load (0.2ms)[0m  [1m[34mSELECT  "artists".* FROM "artists" WHERE "artists"."id" = ? LIMIT ?[0m  [["id", 1], ["LIMIT", 1]]
  [1m[36mArtist Load (0.2ms)[0m  [1m[34mSELECT  "artists".* FROM "artists" WHERE "artists"."id" = ? LIMIT ?[0m  [["id", 2], ["LIMIT", 1]]
  [1m[36mArtist Load (0.2ms)[0m  [1m[34mSELECT  "artists".* FROM "artists" WHERE "artists"."id" = ? LIMIT ?[0m  [["id", 3], ["LIMIT", 1]]
  [1m[36mArtist Load (0.2ms)[0m  [1m[34mSELECT  "artists".* FROM "artists" WHERE "artists"."id" = ? LIMIT ?[0m  [["id", 4], ["LIMIT", 1]]
  Rendered songs/index.html.erb within layouts/application (5.1ms)
Completed 200 OK in 16ms (Views: 13.1ms | ActiveRecord: 1.1ms)


Started GET "/songs" for 127.0.0.1 at 2020-06-02 08:26:34 -0400
Processing by SongsController#index as HTML
  Rendering songs/index.html.erb within layouts/application
  [1m[36mSong Load (0.3ms)[0m  [1m[34mSELECT "songs".* FROM "songs"[0m
  [1m[36mArtist Load (0.4ms)[0m  [1m[34mSELECT  "artists".* FROM "artists" WHERE "artists"."id" = ? LIMIT ?[0m  [["id", 1], ["LIMIT", 1]]
  [1m[36mArtist Load (0.3ms)[0m  [1m[34mSELECT  "artists".* FROM "artists" WHERE "artists"."id" = ? LIMIT ?[0m  [["id", 2], ["LIMIT", 1]]
  [1m[36mArtist Load (0.3ms)[0m  [1m[34mSELECT  "artists".* FROM "artists" WHERE "artists"."id" = ? LIMIT ?[0m  [["id", 3], ["LIMIT", 1]]
  [1m[36mArtist Load (0.3ms)[0m  [1m[34mSELECT  "artists".* FROM "artists" WHERE "artists"."id" = ? LIMIT ?[0m  [["id", 4], ["LIMIT", 1]]
  Rendered songs/index.html.erb within layouts/application (7.1ms)
Completed 200 OK in 19ms (Views: 15.6ms | ActiveRecord: 1.5ms)


Started GET "/songs/new" for 127.0.0.1 at 2020-06-02 08:26:36 -0400
Processing by SongsController#new as HTML
  Rendering songs/new.html.erb within layouts/application
  Rendered songs/new.html.erb within layouts/application (7.7ms)
Completed 200 OK in 22ms (Views: 20.3ms | ActiveRecord: 0.0ms)


Started POST "/songs" for 127.0.0.1 at 2020-06-02 08:26:38 -0400
Processing by SongsController#create as HTML
  Parameters: {"utf8"=>"✓", "authenticity_token"=>"PJDSw321InWo2lZIe048I7dIq/BdQL/fK/XH5NoEZtEPV7NQCCY02mTnkNQziMjsC33IHUqcjYPUpAvUd19msA==", "song"=>{"title"=>"The Want", "artist_name"=>""}, "commit"=>"Create Song"}
  [1m[36mArtist Load (1.2ms)[0m  [1m[34mSELECT  "artists".* FROM "artists" WHERE "artists"."name" = ? LIMIT ?[0m  [["name", ""], ["LIMIT", 1]]
  [1m[35m (0.0ms)[0m  [1m[36mbegin transaction[0m
  [1m[35mSQL (1.5ms)[0m  [1m[32mINSERT INTO "songs" ("title", "created_at", "updated_at", "artist_id") VALUES (?, ?, ?, ?)[0m  [["title", "The Want"], ["created_at", "2020-06-02 12:26:38.493572"], ["updated_at", "2020-06-02 12:26:38.493572"], ["artist_id", 4]]
  [1m[35m (11.9ms)[0m  [1m[36mcommit transaction[0m
Redirected to http://localhost:3000/songs/5
Completed 302 Found in 22ms (ActiveRecord: 14.7ms)


Started GET "/songs/5" for 127.0.0.1 at 2020-06-02 08:26:38 -0400
Processing by SongsController#show as HTML
  Parameters: {"id"=>"5"}
  [1m[36mSong Load (0.4ms)[0m  [1m[34mSELECT  "songs".* FROM "songs" WHERE "songs"."id" = ? LIMIT ?[0m  [["id", 5], ["LIMIT", 1]]
  Rendering songs/show.html.erb within layouts/application
  [1m[36mArtist Load (0.3ms)[0m  [1m[34mSELECT  "artists".* FROM "artists" WHERE "artists"."id" = ? LIMIT ?[0m  [["id", 4], ["LIMIT", 1]]
  Rendered songs/show.html.erb within layouts/application (4.8ms)
Completed 200 OK in 17ms (Views: 13.8ms | ActiveRecord: 0.6ms)


Started GET "/songs/5" for 127.0.0.1 at 2020-06-02 08:27:10 -0400
Processing by SongsController#show as HTML
  Parameters: {"id"=>"5"}
  [1m[36mSong Load (0.2ms)[0m  [1m[34mSELECT  "songs".* FROM "songs" WHERE "songs"."id" = ? LIMIT ?[0m  [["id", 5], ["LIMIT", 1]]
  Rendering songs/show.html.erb within layouts/application
  [1m[36mArtist Load (0.2ms)[0m  [1m[34mSELECT  "artists".* FROM "artists" WHERE "artists"."id" = ? LIMIT ?[0m  [["id", 4], ["LIMIT", 1]]
  Rendered songs/show.html.erb within layouts/application (2.6ms)
Completed 200 OK in 17ms (Views: 14.8ms | ActiveRecord: 0.4ms)


Started GET "/songs/5" for 127.0.0.1 at 2020-06-02 08:28:13 -0400
Processing by SongsController#show as HTML
  Parameters: {"id"=>"5"}
  [1m[36mSong Load (0.2ms)[0m  [1m[34mSELECT  "songs".* FROM "songs" WHERE "songs"."id" = ? LIMIT ?[0m  [["id", 5], ["LIMIT", 1]]
  Rendering songs/show.html.erb within layouts/application
  Rendered songs/show.html.erb within layouts/application (1.0ms)
Completed 500 Internal Server Error in 7ms (ActiveRecord: 0.2ms)


  
SyntaxError (/mnt/c/Users/benwi/Desktop/Flatiron/Labs/refactoring-views-with-helpers-lab-onl01-seng-ft-032320/app/views/songs/show.html.erb:5: syntax error, unexpected tIVAR, expecting do or '{' or '('
...d Artist', edit_song_path @song );@output_buffer.safe_append...
...                          ^~~~~):
  
app/views/songs/show.html.erb:5: syntax error, unexpected tIVAR, expecting do or '{' or '('
  Rendering /home/benwix/.rvm/gems/ruby-2.6.1/gems/actionpack-5.0.7.1/lib/action_dispatch/middleware/templates/rescues/diagnostics.html.erb within rescues/layout
  Rendering /home/benwix/.rvm/gems/ruby-2.6.1/gems/actionpack-5.0.7.1/lib/action_dispatch/middleware/templates/rescues/_source.html.erb
  Rendered /home/benwix/.rvm/gems/ruby-2.6.1/gems/actionpack-5.0.7.1/lib/action_dispatch/middleware/templates/rescues/_source.html.erb (2.6ms)
  Rendering /home/benwix/.rvm/gems/ruby-2.6.1/gems/actionpack-5.0.7.1/lib/action_dispatch/middleware/templates/rescues/_trace.html.erb
  Rendered /home/benwix/.rvm/gems/ruby-2.6.1/gems/actionpack-5.0.7.1/lib/action_dispatch/middleware/templates/rescues/_trace.html.erb (1.4ms)
  Rendering /home/benwix/.rvm/gems/ruby-2.6.1/gems/actionpack-5.0.7.1/lib/action_dispatch/middleware/templates/rescues/_request_and_response.html.erb
  Rendered /home/benwix/.rvm/gems/ruby-2.6.1/gems/actionpack-5.0.7.1/lib/action_dispatch/middleware/templates/rescues/_request_and_response.html.erb (0.9ms)
  Rendered /home/benwix/.rvm/gems/ruby-2.6.1/gems/actionpack-5.0.7.1/lib/action_dispatch/middleware/templates/rescues/diagnostics.html.erb within rescues/layout (153.0ms)
DEPRECATION WARNING: Accessing mime types via constants is deprecated. Please change `Mime::HTML` to `Mime[:html]`. (called from acceptable_content_type? at /home/benwix/.rvm/gems/ruby-2.6.1/gems/web-console-2.3.0/lib/web_console/middleware.rb:58)
  Rendering /home/benwix/.rvm/gems/ruby-2.6.1/gems/web-console-2.3.0/lib/web_console/templates/index.html.erb
  Rendered /home/benwix/.rvm/gems/ruby-2.6.1/gems/web-console-2.3.0/lib/web_console/templates/_markup.html.erb (0.4ms)
  Rendering /home/benwix/.rvm/gems/ruby-2.6.1/gems/web-console-2.3.0/lib/web_console/templates/console.js.erb within layouts/javascript
  Rendering /home/benwix/.rvm/gems/ruby-2.6.1/gems/web-console-2.3.0/lib/web_console/templates/_inner_console_markup.html.erb within layouts/inlined_string
  Rendered /home/benwix/.rvm/gems/ruby-2.6.1/gems/web-console-2.3.0/lib/web_console/templates/_inner_console_markup.html.erb within layouts/inlined_string (0.3ms)
  Rendering /home/benwix/.rvm/gems/ruby-2.6.1/gems/web-console-2.3.0/lib/web_console/templates/_prompt_box_markup.html.erb within layouts/inlined_string
  Rendered /home/benwix/.rvm/gems/ruby-2.6.1/gems/web-console-2.3.0/lib/web_console/templates/_prompt_box_markup.html.erb within layouts/inlined_string (0.3ms)
  Rendering /home/benwix/.rvm/gems/ruby-2.6.1/gems/web-console-2.3.0/lib/web_console/templates/style.css.erb within layouts/inlined_string
  Rendered /home/benwix/.rvm/gems/ruby-2.6.1/gems/web-console-2.3.0/lib/web_console/templates/style.css.erb within layouts/inlined_string (0.3ms)
DEPRECATION WARNING: Accessing mime types via constants is deprecated. Please change `Mime::WEB_CONSOLE_V2` to `Mime[:web_console_v2]`. (called from __home_benwix__rvm_gems_ruby_______gems_web_console_______lib_web_console_templates_console_js_erb__3186660562655791796_70216418428040 at /home/benwix/.rvm/gems/ruby-2.6.1/gems/web-console-2.3.0/lib/web_console/templates/console.js.erb:491)
  Rendered /home/benwix/.rvm/gems/ruby-2.6.1/gems/web-console-2.3.0/lib/web_console/templates/console.js.erb within layouts/javascript (43.5ms)
  Rendering /home/benwix/.rvm/gems/ruby-2.6.1/gems/web-console-2.3.0/lib/web_console/templates/main.js.erb within layouts/javascript
  Rendered /home/benwix/.rvm/gems/ruby-2.6.1/gems/web-console-2.3.0/lib/web_console/templates/main.js.erb within layouts/javascript (0.3ms)
  Rendering /home/benwix/.rvm/gems/ruby-2.6.1/gems/web-console-2.3.0/lib/web_console/templates/error_page.js.erb within layouts/javascript
  Rendered /home/benwix/.rvm/gems/ruby-2.6.1/gems/web-console-2.3.0/lib/web_console/templates/error_page.js.erb within layouts/javascript (0.3ms)
  Rendered /home/benwix/.rvm/gems/ruby-2.6.1/gems/web-console-2.3.0/lib/web_console/templates/index.html.erb (125.5ms)
Started GET "/songs/5" for 127.0.0.1 at 2020-06-02 08:34:28 -0400
Processing by SongsController#show as HTML
  Parameters: {"id"=>"5"}
  [1m[36mSong Load (0.2ms)[0m  [1m[34mSELECT  "songs".* FROM "songs" WHERE "songs"."id" = ? LIMIT ?[0m  [["id", 5], ["LIMIT", 1]]
  Rendering songs/show.html.erb within layouts/application
  Rendered songs/show.html.erb within layouts/application (22.4ms)
Completed 500 Internal Server Error in 28ms (ActiveRecord: 0.2ms)


  
ActionView::Template::Error (undefined local variable or method `song' for #<#<Class:0x00007fb911846058>:0x00007fb91171f2d8>
Did you mean?  @song):
    1: <h1><%= link_to @song.title, song_path(@song) %></h1>
    2: <% if song.artist %>
    3: <h3><%= link_to @song.artist_name, display_artist(@song) %></h3>
    4: <% else %>
    5: <h3><%= link_to 'Add Artist', edit_song_path(@song) %></h3>
  
app/views/songs/show.html.erb:2:in `_app_views_songs_show_html_erb__3835943072459312055_70216419149240'
  Rendering /home/benwix/.rvm/gems/ruby-2.6.1/gems/actionpack-5.0.7.1/lib/action_dispatch/middleware/templates/rescues/template_error.html.erb within rescues/layout
  Rendering /home/benwix/.rvm/gems/ruby-2.6.1/gems/actionpack-5.0.7.1/lib/action_dispatch/middleware/templates/rescues/_source.html.erb
  Rendered /home/benwix/.rvm/gems/ruby-2.6.1/gems/actionpack-5.0.7.1/lib/action_dispatch/middleware/templates/rescues/_source.html.erb (2.7ms)
  Rendering /home/benwix/.rvm/gems/ruby-2.6.1/gems/actionpack-5.0.7.1/lib/action_dispatch/middleware/templates/rescues/_trace.html.erb
  Rendered /home/benwix/.rvm/gems/ruby-2.6.1/gems/actionpack-5.0.7.1/lib/action_dispatch/middleware/templates/rescues/_trace.html.erb (2.4ms)
  Rendering /home/benwix/.rvm/gems/ruby-2.6.1/gems/actionpack-5.0.7.1/lib/action_dispatch/middleware/templates/rescues/_request_and_response.html.erb
  Rendered /home/benwix/.rvm/gems/ruby-2.6.1/gems/actionpack-5.0.7.1/lib/action_dispatch/middleware/templates/rescues/_request_and_response.html.erb (1.4ms)
  Rendered /home/benwix/.rvm/gems/ruby-2.6.1/gems/actionpack-5.0.7.1/lib/action_dispatch/middleware/templates/rescues/template_error.html.erb within rescues/layout (22.2ms)
DEPRECATION WARNING: #original_exception is deprecated. Use #cause instead. (called from block in render_exception_with_web_console at /home/benwix/.rvm/gems/ruby-2.6.1/gems/web-console-2.3.0/lib/web_console/extensions.rb:16)
DEPRECATION WARNING: Accessing mime types via constants is deprecated. Please change `Mime::HTML` to `Mime[:html]`. (called from acceptable_content_type? at /home/benwix/.rvm/gems/ruby-2.6.1/gems/web-console-2.3.0/lib/web_console/middleware.rb:58)
  Rendering /home/benwix/.rvm/gems/ruby-2.6.1/gems/web-console-2.3.0/lib/web_console/templates/index.html.erb
  Rendered /home/benwix/.rvm/gems/ruby-2.6.1/gems/web-console-2.3.0/lib/web_console/templates/_markup.html.erb (0.3ms)
  Rendering /home/benwix/.rvm/gems/ruby-2.6.1/gems/web-console-2.3.0/lib/web_console/templates/console.js.erb within layouts/javascript
  Rendering /home/benwix/.rvm/gems/ruby-2.6.1/gems/web-console-2.3.0/lib/web_console/templates/_inner_console_markup.html.erb within layouts/inlined_string
  Rendered /home/benwix/.rvm/gems/ruby-2.6.1/gems/web-console-2.3.0/lib/web_console/templates/_inner_console_markup.html.erb within layouts/inlined_string (0.4ms)
  Rendering /home/benwix/.rvm/gems/ruby-2.6.1/gems/web-console-2.3.0/lib/web_console/templates/_prompt_box_markup.html.erb within layouts/inlined_string
  Rendered /home/benwix/.rvm/gems/ruby-2.6.1/gems/web-console-2.3.0/lib/web_console/templates/_prompt_box_markup.html.erb within layouts/inlined_string (0.3ms)
  Rendering /home/benwix/.rvm/gems/ruby-2.6.1/gems/web-console-2.3.0/lib/web_console/templates/style.css.erb within layouts/inlined_string
  Rendered /home/benwix/.rvm/gems/ruby-2.6.1/gems/web-console-2.3.0/lib/web_console/templates/style.css.erb within layouts/inlined_string (0.3ms)
DEPRECATION WARNING: Accessing mime types via constants is deprecated. Please change `Mime::WEB_CONSOLE_V2` to `Mime[:web_console_v2]`. (called from __home_benwix__rvm_gems_ruby_______gems_web_console_______lib_web_console_templates_console_js_erb__3186660562655791796_70216380388840 at /home/benwix/.rvm/gems/ruby-2.6.1/gems/web-console-2.3.0/lib/web_console/templates/console.js.erb:491)
  Rendered /home/benwix/.rvm/gems/ruby-2.6.1/gems/web-console-2.3.0/lib/web_console/templates/console.js.erb within layouts/javascript (17.5ms)
  Rendering /home/benwix/.rvm/gems/ruby-2.6.1/gems/web-console-2.3.0/lib/web_console/templates/main.js.erb within layouts/javascript
  Rendered /home/benwix/.rvm/gems/ruby-2.6.1/gems/web-console-2.3.0/lib/web_console/templates/main.js.erb within layouts/javascript (0.3ms)
  Rendering /home/benwix/.rvm/gems/ruby-2.6.1/gems/web-console-2.3.0/lib/web_console/templates/error_page.js.erb within layouts/javascript
  Rendered /home/benwix/.rvm/gems/ruby-2.6.1/gems/web-console-2.3.0/lib/web_console/templates/error_page.js.erb within layouts/javascript (1.9ms)
  Rendered /home/benwix/.rvm/gems/ruby-2.6.1/gems/web-console-2.3.0/lib/web_console/templates/index.html.erb (36.5ms)
Started GET "/songs/5" for 127.0.0.1 at 2020-06-02 08:34:38 -0400
Processing by SongsController#show as HTML
  Parameters: {"id"=>"5"}
  [1m[36mSong Load (0.3ms)[0m  [1m[34mSELECT  "songs".* FROM "songs" WHERE "songs"."id" = ? LIMIT ?[0m  [["id", 5], ["LIMIT", 1]]
  Rendering songs/show.html.erb within layouts/application
  [1m[36mArtist Load (0.3ms)[0m  [1m[34mSELECT  "artists".* FROM "artists" WHERE "artists"."id" = ? LIMIT ?[0m  [["id", 4], ["LIMIT", 1]]
  Rendered songs/show.html.erb within layouts/application (2.6ms)
Completed 200 OK in 21ms (Views: 18.4ms | ActiveRecord: 0.6ms)


Started GET "/song" for 127.0.0.1 at 2020-06-02 08:36:39 -0400
  
ActionController::RoutingError (No route matches [GET] "/song"):
  
actionpack (5.0.7.1) lib/action_dispatch/middleware/debug_exceptions.rb:53:in `call'
web-console (2.3.0) lib/web_console/middleware.rb:28:in `block in call'
web-console (2.3.0) lib/web_console/middleware.rb:18:in `catch'
web-console (2.3.0) lib/web_console/middleware.rb:18:in `call'
actionpack (5.0.7.1) lib/action_dispatch/middleware/show_exceptions.rb:31:in `call'
railties (5.0.7.1) lib/rails/rack/logger.rb:36:in `call_app'
railties (5.0.7.1) lib/rails/rack/logger.rb:24:in `block in call'
activesupport (5.0.7.1) lib/active_support/tagged_logging.rb:69:in `block in tagged'
activesupport (5.0.7.1) lib/active_support/tagged_logging.rb:26:in `tagged'
activesupport (5.0.7.1) lib/active_support/tagged_logging.rb:69:in `tagged'
railties (5.0.7.1) lib/rails/rack/logger.rb:24:in `call'
sprockets-rails (3.2.1) lib/sprockets/rails/quiet_assets.rb:13:in `call'
actionpack (5.0.7.1) lib/action_dispatch/middleware/request_id.rb:24:in `call'
rack (2.0.8) lib/rack/method_override.rb:22:in `call'
rack (2.0.8) lib/rack/runtime.rb:22:in `call'
activesupport (5.0.7.1) lib/active_support/cache/strategy/local_cache_middleware.rb:28:in `call'
actionpack (5.0.7.1) lib/action_dispatch/middleware/executor.rb:12:in `call'
actionpack (5.0.7.1) lib/action_dispatch/middleware/static.rb:136:in `call'
rack (2.0.8) lib/rack/sendfile.rb:111:in `call'
railties (5.0.7.1) lib/rails/engine.rb:522:in `call'
rack (2.0.8) lib/rack/handler/webrick.rb:86:in `service'
/home/benwix/.rvm/rubies/ruby-2.6.1/lib/ruby/2.6.0/webrick/httpserver.rb:140:in `service'
/home/benwix/.rvm/rubies/ruby-2.6.1/lib/ruby/2.6.0/webrick/httpserver.rb:96:in `run'
/home/benwix/.rvm/rubies/ruby-2.6.1/lib/ruby/2.6.0/webrick/server.rb:307:in `block in start_thread'
  Rendering /home/benwix/.rvm/gems/ruby-2.6.1/gems/actionpack-5.0.7.1/lib/action_dispatch/middleware/templates/rescues/routing_error.html.erb within rescues/layout
  Rendering /home/benwix/.rvm/gems/ruby-2.6.1/gems/actionpack-5.0.7.1/lib/action_dispatch/middleware/templates/rescues/_trace.html.erb
  Rendered /home/benwix/.rvm/gems/ruby-2.6.1/gems/actionpack-5.0.7.1/lib/action_dispatch/middleware/templates/rescues/_trace.html.erb (0.9ms)
  Rendered collection of /home/benwix/.rvm/gems/ruby-2.6.1/gems/actionpack-5.0.7.1/lib/action_dispatch/middleware/templates/routes/_route.html.erb [16 times] (6.9ms)
  Rendered /home/benwix/.rvm/gems/ruby-2.6.1/gems/actionpack-5.0.7.1/lib/action_dispatch/middleware/templates/routes/_table.html.erb (22.8ms)
  Rendering /home/benwix/.rvm/gems/ruby-2.6.1/gems/actionpack-5.0.7.1/lib/action_dispatch/middleware/templates/rescues/_request_and_response.html.erb
  Rendered /home/benwix/.rvm/gems/ruby-2.6.1/gems/actionpack-5.0.7.1/lib/action_dispatch/middleware/templates/rescues/_request_and_response.html.erb (1.8ms)
  Rendered /home/benwix/.rvm/gems/ruby-2.6.1/gems/actionpack-5.0.7.1/lib/action_dispatch/middleware/templates/rescues/routing_error.html.erb within rescues/layout (97.0ms)
DEPRECATION WARNING: Accessing mime types via constants is deprecated. Please change `Mime::HTML` to `Mime[:html]`. (called from acceptable_content_type? at /home/benwix/.rvm/gems/ruby-2.6.1/gems/web-console-2.3.0/lib/web_console/middleware.rb:58)
  Rendering /home/benwix/.rvm/gems/ruby-2.6.1/gems/web-console-2.3.0/lib/web_console/templates/index.html.erb
  Rendered /home/benwix/.rvm/gems/ruby-2.6.1/gems/web-console-2.3.0/lib/web_console/templates/_markup.html.erb (0.7ms)
  Rendering /home/benwix/.rvm/gems/ruby-2.6.1/gems/web-console-2.3.0/lib/web_console/templates/console.js.erb within layouts/javascript
  Rendering /home/benwix/.rvm/gems/ruby-2.6.1/gems/web-console-2.3.0/lib/web_console/templates/_inner_console_markup.html.erb within layouts/inlined_string
  Rendered /home/benwix/.rvm/gems/ruby-2.6.1/gems/web-console-2.3.0/lib/web_console/templates/_inner_console_markup.html.erb within layouts/inlined_string (0.3ms)
  Rendering /home/benwix/.rvm/gems/ruby-2.6.1/gems/web-console-2.3.0/lib/web_console/templates/_prompt_box_markup.html.erb within layouts/inlined_string
  Rendered /home/benwix/.rvm/gems/ruby-2.6.1/gems/web-console-2.3.0/lib/web_console/templates/_prompt_box_markup.html.erb within layouts/inlined_string (0.5ms)
  Rendering /home/benwix/.rvm/gems/ruby-2.6.1/gems/web-console-2.3.0/lib/web_console/templates/style.css.erb within layouts/inlined_string
  Rendered /home/benwix/.rvm/gems/ruby-2.6.1/gems/web-console-2.3.0/lib/web_console/templates/style.css.erb within layouts/inlined_string (0.4ms)
DEPRECATION WARNING: Accessing mime types via constants is deprecated. Please change `Mime::WEB_CONSOLE_V2` to `Mime[:web_console_v2]`. (called from __home_benwix__rvm_gems_ruby_______gems_web_console_______lib_web_console_templates_console_js_erb__3186660562655791796_70216382473480 at /home/benwix/.rvm/gems/ruby-2.6.1/gems/web-console-2.3.0/lib/web_console/templates/console.js.erb:491)
  Rendered /home/benwix/.rvm/gems/ruby-2.6.1/gems/web-console-2.3.0/lib/web_console/templates/console.js.erb within layouts/javascript (20.4ms)
  Rendering /home/benwix/.rvm/gems/ruby-2.6.1/gems/web-console-2.3.0/lib/web_console/templates/main.js.erb within layouts/javascript
  Rendered /home/benwix/.rvm/gems/ruby-2.6.1/gems/web-console-2.3.0/lib/web_console/templates/main.js.erb within layouts/javascript (0.4ms)
  Rendering /home/benwix/.rvm/gems/ruby-2.6.1/gems/web-console-2.3.0/lib/web_console/templates/error_page.js.erb within layouts/javascript
  Rendered /home/benwix/.rvm/gems/ruby-2.6.1/gems/web-console-2.3.0/lib/web_console/templates/error_page.js.erb within layouts/javascript (0.5ms)
  Rendered /home/benwix/.rvm/gems/ruby-2.6.1/gems/web-console-2.3.0/lib/web_console/templates/index.html.erb (43.9ms)
Started GET "/songs" for 127.0.0.1 at 2020-06-02 08:36:47 -0400
Processing by SongsController#index as HTML
  Rendering songs/index.html.erb within layouts/application
  [1m[36mSong Load (0.5ms)[0m  [1m[34mSELECT "songs".* FROM "songs"[0m
  [1m[36mArtist Load (0.3ms)[0m  [1m[34mSELECT  "artists".* FROM "artists" WHERE "artists"."id" = ? LIMIT ?[0m  [["id", 1], ["LIMIT", 1]]
  [1m[36mArtist Load (0.4ms)[0m  [1m[34mSELECT  "artists".* FROM "artists" WHERE "artists"."id" = ? LIMIT ?[0m  [["id", 2], ["LIMIT", 1]]
  [1m[36mArtist Load (0.3ms)[0m  [1m[34mSELECT  "artists".* FROM "artists" WHERE "artists"."id" = ? LIMIT ?[0m  [["id", 3], ["LIMIT", 1]]
  [1m[36mArtist Load (0.2ms)[0m  [1m[34mSELECT  "artists".* FROM "artists" WHERE "artists"."id" = ? LIMIT ?[0m  [["id", 4], ["LIMIT", 1]]
  [1m[36mCACHE (0.0ms)[0m  [1m[34mSELECT  "artists".* FROM "artists" WHERE "artists"."id" = ? LIMIT ?[0m  [["id", 4], ["LIMIT", 1]]
  Rendered songs/index.html.erb within layouts/application (26.5ms)
Completed 200 OK in 44ms (Views: 32.6ms | ActiveRecord: 4.8ms)


Started GET "/artists/2" for 127.0.0.1 at 2020-06-02 08:36:50 -0400
Processing by ArtistsController#show as HTML
  Parameters: {"id"=>"2"}
  [1m[36mArtist Load (0.2ms)[0m  [1m[34mSELECT  "artists".* FROM "artists" WHERE "artists"."id" = ? LIMIT ?[0m  [["id", 2], ["LIMIT", 1]]
  Rendering artists/show.html.erb within layouts/application
  Rendered artists/show.html.erb within layouts/application (0.3ms)
Completed 200 OK in 13ms (Views: 9.5ms | ActiveRecord: 0.2ms)


Started GET "/songs" for 127.0.0.1 at 2020-06-02 08:40:34 -0400
  
SyntaxError (/mnt/c/Users/benwi/Desktop/Flatiron/Labs/refactoring-views-with-helpers-lab-onl01-seng-ft-032320/app/helpers/artists_helper.rb:6: syntax error, unexpected tIDENTIFIER, expecting end
...nk_to "Add Song" edit_song_path(song)
...                 ^~~~~~~~~~~~~~):
  
app/helpers/artists_helper.rb:6: syntax error, unexpected tIDENTIFIER, expecting end
app/controllers/application_controller.rb:1:in `<main>'
app/controllers/songs_controller.rb:1:in `<main>'
  Rendering /home/benwix/.rvm/gems/ruby-2.6.1/gems/actionpack-5.0.7.1/lib/action_dispatch/middleware/templates/rescues/diagnostics.html.erb within rescues/layout
  Rendering /home/benwix/.rvm/gems/ruby-2.6.1/gems/actionpack-5.0.7.1/lib/action_dispatch/middleware/templates/rescues/_source.html.erb
  Rendered /home/benwix/.rvm/gems/ruby-2.6.1/gems/actionpack-5.0.7.1/lib/action_dispatch/middleware/templates/rescues/_source.html.erb (3.0ms)
  Rendering /home/benwix/.rvm/gems/ruby-2.6.1/gems/actionpack-5.0.7.1/lib/action_dispatch/middleware/templates/rescues/_trace.html.erb
  Rendered /home/benwix/.rvm/gems/ruby-2.6.1/gems/actionpack-5.0.7.1/lib/action_dispatch/middleware/templates/rescues/_trace.html.erb (2.5ms)
  Rendering /home/benwix/.rvm/gems/ruby-2.6.1/gems/actionpack-5.0.7.1/lib/action_dispatch/middleware/templates/rescues/_request_and_response.html.erb
  Rendered /home/benwix/.rvm/gems/ruby-2.6.1/gems/actionpack-5.0.7.1/lib/action_dispatch/middleware/templates/rescues/_request_and_response.html.erb (1.1ms)
  Rendered /home/benwix/.rvm/gems/ruby-2.6.1/gems/actionpack-5.0.7.1/lib/action_dispatch/middleware/templates/rescues/diagnostics.html.erb within rescues/layout (22.3ms)
DEPRECATION WARNING: Accessing mime types via constants is deprecated. Please change `Mime::HTML` to `Mime[:html]`. (called from acceptable_content_type? at /home/benwix/.rvm/gems/ruby-2.6.1/gems/web-console-2.3.0/lib/web_console/middleware.rb:58)
  Rendering /home/benwix/.rvm/gems/ruby-2.6.1/gems/web-console-2.3.0/lib/web_console/templates/index.html.erb
  Rendered /home/benwix/.rvm/gems/ruby-2.6.1/gems/web-console-2.3.0/lib/web_console/templates/_markup.html.erb (0.3ms)
  Rendering /home/benwix/.rvm/gems/ruby-2.6.1/gems/web-console-2.3.0/lib/web_console/templates/console.js.erb within layouts/javascript
  Rendering /home/benwix/.rvm/gems/ruby-2.6.1/gems/web-console-2.3.0/lib/web_console/templates/_inner_console_markup.html.erb within layouts/inlined_string
  Rendered /home/benwix/.rvm/gems/ruby-2.6.1/gems/web-console-2.3.0/lib/web_console/templates/_inner_console_markup.html.erb within layouts/inlined_string (0.3ms)
  Rendering /home/benwix/.rvm/gems/ruby-2.6.1/gems/web-console-2.3.0/lib/web_console/templates/_prompt_box_markup.html.erb within layouts/inlined_string
  Rendered /home/benwix/.rvm/gems/ruby-2.6.1/gems/web-console-2.3.0/lib/web_console/templates/_prompt_box_markup.html.erb within layouts/inlined_string (0.3ms)
  Rendering /home/benwix/.rvm/gems/ruby-2.6.1/gems/web-console-2.3.0/lib/web_console/templates/style.css.erb within layouts/inlined_string
  Rendered /home/benwix/.rvm/gems/ruby-2.6.1/gems/web-console-2.3.0/lib/web_console/templates/style.css.erb within layouts/inlined_string (0.3ms)
DEPRECATION WARNING: Accessing mime types via constants is deprecated. Please change `Mime::WEB_CONSOLE_V2` to `Mime[:web_console_v2]`. (called from __home_benwix__rvm_gems_ruby_______gems_web_console_______lib_web_console_templates_console_js_erb__3186660562655791796_70216379195740 at /home/benwix/.rvm/gems/ruby-2.6.1/gems/web-console-2.3.0/lib/web_console/templates/console.js.erb:491)
  Rendered /home/benwix/.rvm/gems/ruby-2.6.1/gems/web-console-2.3.0/lib/web_console/templates/console.js.erb within layouts/javascript (15.8ms)
  Rendering /home/benwix/.rvm/gems/ruby-2.6.1/gems/web-console-2.3.0/lib/web_console/templates/main.js.erb within layouts/javascript
  Rendered /home/benwix/.rvm/gems/ruby-2.6.1/gems/web-console-2.3.0/lib/web_console/templates/main.js.erb within layouts/javascript (0.3ms)
  Rendering /home/benwix/.rvm/gems/ruby-2.6.1/gems/web-console-2.3.0/lib/web_console/templates/error_page.js.erb within layouts/javascript
  Rendered /home/benwix/.rvm/gems/ruby-2.6.1/gems/web-console-2.3.0/lib/web_console/templates/error_page.js.erb within layouts/javascript (0.4ms)
  Rendered /home/benwix/.rvm/gems/ruby-2.6.1/gems/web-console-2.3.0/lib/web_console/templates/index.html.erb (32.8ms)
Started GET "/songs" for 127.0.0.1 at 2020-06-02 08:40:52 -0400
Processing by SongsController#index as HTML
  Rendering songs/index.html.erb within layouts/application
  [1m[36mSong Load (0.6ms)[0m  [1m[34mSELECT "songs".* FROM "songs"[0m
  [1m[36mArtist Load (0.4ms)[0m  [1m[34mSELECT  "artists".* FROM "artists" WHERE "artists"."id" = ? LIMIT ?[0m  [["id", 1], ["LIMIT", 1]]
  [1m[36mArtist Load (0.2ms)[0m  [1m[34mSELECT  "artists".* FROM "artists" WHERE "artists"."id" = ? LIMIT ?[0m  [["id", 2], ["LIMIT", 1]]
  [1m[36mArtist Load (0.2ms)[0m  [1m[34mSELECT  "artists".* FROM "artists" WHERE "artists"."id" = ? LIMIT ?[0m  [["id", 3], ["LIMIT", 1]]
  [1m[36mArtist Load (0.2ms)[0m  [1m[34mSELECT  "artists".* FROM "artists" WHERE "artists"."id" = ? LIMIT ?[0m  [["id", 4], ["LIMIT", 1]]
  [1m[36mCACHE (0.0ms)[0m  [1m[34mSELECT  "artists".* FROM "artists" WHERE "artists"."id" = ? LIMIT ?[0m  [["id", 4], ["LIMIT", 1]]
  Rendered songs/index.html.erb within layouts/application (31.6ms)
Completed 200 OK in 44ms (Views: 34.7ms | ActiveRecord: 5.8ms)


Started GET "/songs/4" for 127.0.0.1 at 2020-06-02 08:40:59 -0400
Processing by SongsController#show as HTML
  Parameters: {"id"=>"4"}
  [1m[36mSong Load (0.8ms)[0m  [1m[34mSELECT  "songs".* FROM "songs" WHERE "songs"."id" = ? LIMIT ?[0m  [["id", 4], ["LIMIT", 1]]
  Rendering songs/show.html.erb within layouts/application
  [1m[36mArtist Load (0.3ms)[0m  [1m[34mSELECT  "artists".* FROM "artists" WHERE "artists"."id" = ? LIMIT ?[0m  [["id", 4], ["LIMIT", 1]]
  Rendered songs/show.html.erb within layouts/application (1.6ms)
Completed 200 OK in 13ms (Views: 8.4ms | ActiveRecord: 1.0ms)


Started GET "/songs/4" for 127.0.0.1 at 2020-06-02 08:41:56 -0400
Processing by SongsController#show as HTML
  Parameters: {"id"=>"4"}
  [1m[36mSong Load (0.2ms)[0m  [1m[34mSELECT  "songs".* FROM "songs" WHERE "songs"."id" = ? LIMIT ?[0m  [["id", 4], ["LIMIT", 1]]
  Rendering songs/show.html.erb within layouts/application
  [1m[36mArtist Load (0.2ms)[0m  [1m[34mSELECT  "artists".* FROM "artists" WHERE "artists"."id" = ? LIMIT ?[0m  [["id", 4], ["LIMIT", 1]]
  Rendered songs/show.html.erb within layouts/application (1.6ms)
Completed 200 OK in 12ms (Views: 9.5ms | ActiveRecord: 0.4ms)


Started GET "/songs" for 127.0.0.1 at 2020-06-02 08:41:59 -0400
Processing by SongsController#index as HTML
  Rendering songs/index.html.erb within layouts/application
  [1m[36mSong Load (0.3ms)[0m  [1m[34mSELECT "songs".* FROM "songs"[0m
  [1m[36mArtist Load (0.2ms)[0m  [1m[34mSELECT  "artists".* FROM "artists" WHERE "artists"."id" = ? LIMIT ?[0m  [["id", 1], ["LIMIT", 1]]
  [1m[36mArtist Load (0.2ms)[0m  [1m[34mSELECT  "artists".* FROM "artists" WHERE "artists"."id" = ? LIMIT ?[0m  [["id", 2], ["LIMIT", 1]]
  [1m[36mArtist Load (0.2ms)[0m  [1m[34mSELECT  "artists".* FROM "artists" WHERE "artists"."id" = ? LIMIT ?[0m  [["id", 3], ["LIMIT", 1]]
  [1m[36mArtist Load (0.2ms)[0m  [1m[34mSELECT  "artists".* FROM "artists" WHERE "artists"."id" = ? LIMIT ?[0m  [["id", 4], ["LIMIT", 1]]
  [1m[36mCACHE (0.0ms)[0m  [1m[34mSELECT  "artists".* FROM "artists" WHERE "artists"."id" = ? LIMIT ?[0m  [["id", 4], ["LIMIT", 1]]
  Rendered songs/index.html.erb within layouts/application (5.8ms)
Completed 200 OK in 20ms (Views: 17.6ms | ActiveRecord: 1.1ms)


Started GET "/songs" for 127.0.0.1 at 2020-06-02 08:44:13 -0400
Processing by SongsController#index as HTML
  Rendering songs/index.html.erb within layouts/application
  [1m[36mSong Load (0.6ms)[0m  [1m[34mSELECT "songs".* FROM "songs"[0m
  [1m[36mArtist Load (0.3ms)[0m  [1m[34mSELECT  "artists".* FROM "artists" WHERE "artists"."id" = ? LIMIT ?[0m  [["id", 1], ["LIMIT", 1]]
  [1m[36mArtist Load (0.3ms)[0m  [1m[34mSELECT  "artists".* FROM "artists" WHERE "artists"."id" = ? LIMIT ?[0m  [["id", 2], ["LIMIT", 1]]
  [1m[36mArtist Load (0.3ms)[0m  [1m[34mSELECT  "artists".* FROM "artists" WHERE "artists"."id" = ? LIMIT ?[0m  [["id", 3], ["LIMIT", 1]]
  [1m[36mArtist Load (0.4ms)[0m  [1m[34mSELECT  "artists".* FROM "artists" WHERE "artists"."id" = ? LIMIT ?[0m  [["id", 4], ["LIMIT", 1]]
  [1m[36mCACHE (0.0ms)[0m  [1m[34mSELECT  "artists".* FROM "artists" WHERE "artists"."id" = ? LIMIT ?[0m  [["id", 4], ["LIMIT", 1]]
  Rendered songs/index.html.erb within layouts/application (25.0ms)
Completed 200 OK in 39ms (Views: 28.6ms | ActiveRecord: 5.0ms)


Started GET "/songs/new" for 127.0.0.1 at 2020-06-02 08:46:23 -0400
Processing by SongsController#new as HTML
  Rendering songs/new.html.erb within layouts/application
  Rendered songs/new.html.erb within layouts/application (2.2ms)
Completed 200 OK in 11ms (Views: 9.6ms | ActiveRecord: 0.0ms)


Started POST "/songs" for 127.0.0.1 at 2020-06-02 08:46:35 -0400
Processing by SongsController#create as HTML
  Parameters: {"utf8"=>"✓", "authenticity_token"=>"Txh5+kzFqciMmIsfwNGzM8Jqe03n49U6N1KNcESo6Qt83xhpOVa/Z0ClTYOIF0f8fl8YoPA/52bIA0FA6fPpag==", "song"=>{"title"=>"Icey 2 ", "artist_name"=>""}, "commit"=>"Create Song"}
  [1m[36mArtist Load (0.3ms)[0m  [1m[34mSELECT  "artists".* FROM "artists" WHERE "artists"."name" = ? LIMIT ?[0m  [["name", ""], ["LIMIT", 1]]
  [1m[35m (0.0ms)[0m  [1m[36mbegin transaction[0m
  [1m[35mSQL (1.6ms)[0m  [1m[32mINSERT INTO "songs" ("title", "created_at", "updated_at", "artist_id") VALUES (?, ?, ?, ?)[0m  [["title", "Icey 2 "], ["created_at", "2020-06-02 12:46:35.750587"], ["updated_at", "2020-06-02 12:46:35.750587"], ["artist_id", 4]]
  [1m[35m (14.5ms)[0m  [1m[36mcommit transaction[0m
Redirected to http://localhost:3000/songs/6
Completed 302 Found in 19ms (ActiveRecord: 16.4ms)


Started GET "/songs/6" for 127.0.0.1 at 2020-06-02 08:46:35 -0400
Processing by SongsController#show as HTML
  Parameters: {"id"=>"6"}
  [1m[36mSong Load (0.3ms)[0m  [1m[34mSELECT  "songs".* FROM "songs" WHERE "songs"."id" = ? LIMIT ?[0m  [["id", 6], ["LIMIT", 1]]
  Rendering songs/show.html.erb within layouts/application
  [1m[36mArtist Load (0.2ms)[0m  [1m[34mSELECT  "artists".* FROM "artists" WHERE "artists"."id" = ? LIMIT ?[0m  [["id", 4], ["LIMIT", 1]]
  Rendered songs/show.html.erb within layouts/application (1.5ms)
Completed 200 OK in 13ms (Views: 10.5ms | ActiveRecord: 0.5ms)


Started GET "/songs" for 127.0.0.1 at 2020-06-02 08:47:50 -0400
Processing by SongsController#index as HTML
  Rendering songs/index.html.erb within layouts/application
  [1m[36mSong Load (0.5ms)[0m  [1m[34mSELECT "songs".* FROM "songs"[0m
  [1m[36mArtist Load (0.2ms)[0m  [1m[34mSELECT  "artists".* FROM "artists" WHERE "artists"."id" = ? LIMIT ?[0m  [["id", 1], ["LIMIT", 1]]
  [1m[36mArtist Load (0.2ms)[0m  [1m[34mSELECT  "artists".* FROM "artists" WHERE "artists"."id" = ? LIMIT ?[0m  [["id", 2], ["LIMIT", 1]]
  [1m[36mArtist Load (0.2ms)[0m  [1m[34mSELECT  "artists".* FROM "artists" WHERE "artists"."id" = ? LIMIT ?[0m  [["id", 3], ["LIMIT", 1]]
  [1m[36mArtist Load (0.2ms)[0m  [1m[34mSELECT  "artists".* FROM "artists" WHERE "artists"."id" = ? LIMIT ?[0m  [["id", 4], ["LIMIT", 1]]
  [1m[36mCACHE (0.0ms)[0m  [1m[34mSELECT  "artists".* FROM "artists" WHERE "artists"."id" = ? LIMIT ?[0m  [["id", 4], ["LIMIT", 1]]
  [1m[36mCACHE (0.0ms)[0m  [1m[34mSELECT  "artists".* FROM "artists" WHERE "artists"."id" = ? LIMIT ?[0m  [["id", 4], ["LIMIT", 1]]
  Rendered songs/index.html.erb within layouts/application (21.7ms)
Completed 200 OK in 48ms (Views: 27.0ms | ActiveRecord: 5.2ms)


Started GET "/songs/new" for 127.0.0.1 at 2020-06-02 08:47:51 -0400
Processing by SongsController#new as HTML
  Rendering songs/new.html.erb within layouts/application
  Rendered songs/new.html.erb within layouts/application (4.0ms)
Completed 200 OK in 17ms (Views: 15.2ms | ActiveRecord: 0.0ms)


Started POST "/songs" for 127.0.0.1 at 2020-06-02 08:48:01 -0400
Processing by SongsController#create as HTML
  Parameters: {"utf8"=>"✓", "authenticity_token"=>"AACr9bk9KnmREpMGTUkPKnhER/R7g5aG2coD3Usjblkzx8pmzK481l0vVZoFj/vlxHEkGWxfpNomm8/t5nhuOA==", "song"=>{"title"=>"YMCA", "artist_name"=>""}, "commit"=>"Create Song"}
  [1m[35m (0.1ms)[0m  [1m[36mbegin transaction[0m
  [1m[35mSQL (2.9ms)[0m  [1m[32mINSERT INTO "songs" ("title", "created_at", "updated_at") VALUES (?, ?, ?)[0m  [["title", "YMCA"], ["created_at", "2020-06-02 12:48:01.070431"], ["updated_at", "2020-06-02 12:48:01.070431"]]
  [1m[35m (12.3ms)[0m  [1m[36mcommit transaction[0m
Redirected to http://localhost:3000/songs/7
Completed 302 Found in 20ms (ActiveRecord: 15.3ms)


Started GET "/songs/7" for 127.0.0.1 at 2020-06-02 08:48:01 -0400
Processing by SongsController#show as HTML
  Parameters: {"id"=>"7"}
  [1m[36mSong Load (0.4ms)[0m  [1m[34mSELECT  "songs".* FROM "songs" WHERE "songs"."id" = ? LIMIT ?[0m  [["id", 7], ["LIMIT", 1]]
  Rendering songs/show.html.erb within layouts/application
  Rendered songs/show.html.erb within layouts/application (2.6ms)
Completed 200 OK in 15ms (Views: 12.8ms | ActiveRecord: 0.4ms)


Started GET "/songs/7" for 127.0.0.1 at 2020-06-02 08:49:18 -0400
Processing by SongsController#show as HTML
  Parameters: {"id"=>"7"}
  [1m[36mSong Load (0.2ms)[0m  [1m[34mSELECT  "songs".* FROM "songs" WHERE "songs"."id" = ? LIMIT ?[0m  [["id", 7], ["LIMIT", 1]]
  Rendering songs/show.html.erb within layouts/application
  Rendered songs/show.html.erb within layouts/application (4.9ms)
Completed 200 OK in 21ms (Views: 12.7ms | ActiveRecord: 1.3ms)


